             total       usado       libre     compart.    búffers     almac.
Mem:        243252     231500      11752       5596       4580      72768
-/+ buffers/cache:     154152      89100
Intercambio:    1046524      22196    1024328
             total       usado       libre     compart.    búffers     almac.
Mem:        243252     239724       3528       5596       4700      78872
-/+ buffers/cache:     156152      87100
Intercambio:    1046524      22188    1024336
             total       usado       libre     compart.    búffers     almac.
Mem:        243252     239628       3624       5688       4716      76516
-/+ buffers/cache:     158396      84856
Intercambio:    1046524      21912    1024612
             total       usado       libre     compart.    búffers     almac.
Mem:        243252     235664       7588       5644       2868      82116
-/+ buffers/cache:     150680      92572
Intercambio:    1046524      27592    1018932
             total       usado       libre     compart.    búffers     almac.
Mem:        243252     234328       8924       5716       3840      94000
-/+ buffers/cache:     136488     106764
Intercambio:    1046524      43460    1003064
             total       usado       libre     compart.    búffers     almac.
Mem:        243252     238820       4432       5736       3200      95976
-/+ buffers/cache:     139644     103608
Intercambio:    1046524      43360    1003164
             total       usado       libre     compart.    búffers     almac.
Mem:        243252     231140      12112       5736       2944      91996
-/+ buffers/cache:     136200     107052
Intercambio:    1046524      43968    1002556
             total       usado       libre     compart.    búffers     almac.
Mem:        243252     233592       9660       5736       2972      92004
-/+ buffers/cache:     138616     104636
Intercambio:    1046524      43968    1002556
             total       usado       libre     compart.    búffers     almac.
Mem:        243252     238576       4676       6088       1372      62364
-/+ buffers/cache:     174840      68412
Intercambio:    1046524      50480     996044
             total       usado       libre     compart.    búffers     almac.
Mem:        243252     238688       4564       5360       1324      66036
-/+ buffers/cache:     171328      71924
Intercambio:    1046524      52488     994036
             total       usado       libre     compart.    búffers     almac.
Mem:        243252     225856      17396       3400       3536      90240
-/+ buffers/cache:     132080     111172
Intercambio:    1046524      52156     994368
             total       usado       libre     compart.    búffers     almac.
Mem:        243252     231616      11636       3400       3596      93608
-/+ buffers/cache:     134412     108840
Intercambio:    1046524      52156     994368
             total       usado       libre     compart.    búffers     almac.
Mem:        243252     232480      10772       3400       3596      93612
-/+ buffers/cache:     135272     107980
Intercambio:    1046524      52156     994368
             total       usado       libre     compart.    búffers     almac.
Mem:        243252     232672      10580       3420       3704      93816
-/+ buffers/cache:     135152     108100
Intercambio:    1046524      52128     994396
             total       usado       libre     compart.    búffers     almac.
Mem:        243252     232816      10436       3420       3704      93816
-/+ buffers/cache:     135296     107956
Intercambio:    1046524      52128     994396
             total       usado       libre     compart.    búffers     almac.
Mem:        243252     232816      10436       3420       3712      93816
-/+ buffers/cache:     135288     107964
Intercambio:    1046524      52128     994396
             total       usado       libre     compart.    búffers     almac.
Mem:        243252     232848      10404       3420       3720      93816
-/+ buffers/cache:     135312     107940
Intercambio:    1046524      52128     994396
             total       usado       libre     compart.    búffers     almac.
Mem:        243252     232840      10412       3420       3720      93816
-/+ buffers/cache:     135304     107948
Intercambio:    1046524      52128     994396
             total       usado       libre     compart.    búffers     almac.
Mem:        243252     232840      10412       3420       3728      93820
-/+ buffers/cache:     135292     107960
Intercambio:    1046524      52128     994396
             total       usado       libre     compart.    búffers     almac.
Mem:        243252     232908      10344       3420       3728      93820
-/+ buffers/cache:     135360     107892
Intercambio:    1046524      52128     994396
             total       usado       libre     compart.    búffers     almac.
Mem:        243252     232900      10352       3420       3740      93828
-/+ buffers/cache:     135332     107920
Intercambio:    1046524      52128     994396
             total       usado       libre     compart.    búffers     almac.
Mem:        243252     232900      10352       3420       3748      93828
-/+ buffers/cache:     135324     107928
Intercambio:    1046524      52128     994396
             total       usado       libre     compart.    búffers     almac.
Mem:        243252     233080      10172       3420       3748      93828
-/+ buffers/cache:     135504     107748
Intercambio:    1046524      52128     994396
             total       usado       libre     compart.    búffers     almac.
Mem:        243252     233080      10172       3420       3756      93828
-/+ buffers/cache:     135496     107756
Intercambio:    1046524      52128     994396
             total       usado       libre     compart.    búffers     almac.
Mem:        243252     233148      10104       3420       3756      93828
-/+ buffers/cache:     135564     107688
Intercambio:    1046524      52128     994396
